# JRE version: OpenJDK Runtime Environment Temurin-17.0.2+8 (17.0.2+8) (build 17.0.2+8)
# Java VM: OpenJDK 64-Bit Server VM Temurin-17.0.2+8 (17.0.2+8, mixed mode, emulated-client, tiered, compressed oops, compressed class ptrs, g1 gc, windows-amd64)
GC Precious Log:
 CPUs: 4 total, 4 available
 Memory: 16332M
 Large Page Support: Disabled
 NUMA Support: Disabled
 Compressed Oops: Enabled (Zero based)
 Heap Region Size: 2M
 Heap Min Capacity: 8M
 Heap Initial Capacity: 256M
 Heap Max Capacity: 4084M
 Pre-touch: Disabled
 Parallel Workers: 4
 Concurrent Workers: 1
 Concurrent Refinement Workers: 4
 Periodic GC: Disabled
Heap:
 garbage-first heap   total 40960K, used 13046K [0x0000000700c00000, 0x0000000800000000)
  region size 2048K, 2 young (4096K), 0 survivors (0K)
 Metaspace       used 32298K, committed 32640K, reserved 1081344K
  class space    used 4220K, committed 4352K, reserved 1048576K
GC Heap History (20 events):
Event: 2984.740 GC heap before
{Heap before GC invocations=289 (full 277):
 garbage-first heap   total 40960K, used 13045K [0x0000000700c00000, 0x0000000800000000)
  region size 2048K, 2 young (4096K), 0 survivors (0K)
 Metaspace       used 32298K, committed 32640K, reserved 1081344K
  class space    used 4220K, committed 4352K, reserved 1048576K
}
Event: 2984.754 GC heap after
{Heap after GC invocations=290 (full 278):
 garbage-first heap   total 40960K, used 13045K [0x0000000700c00000, 0x0000000800000000)
  region size 2048K, 0 young (0K), 0 survivors (0K)
 Metaspace       used 32298K, committed 32640K, reserved 1081344K
  class space    used 4220K, committed 4352K, reserved 1048576K
}
Event: 2994.908 GC heap before
{Heap before GC invocations=290 (full 278):
 garbage-first heap   total 40960K, used 13045K [0x0000000700c00000, 0x0000000800000000)
  region size 2048K, 2 young (4096K), 0 survivors (0K)
 Metaspace       used 32298K, committed 32640K, reserved 1081344K
  class space    used 4220K, committed 4352K, reserved 1048576K
}
Event: 2994.922 GC heap after
{Heap after GC invocations=291 (full 279):
 garbage-first heap   total 40960K, used 13045K [0x0000000700c00000, 0x0000000800000000)
  region size 2048K, 0 young (0K), 0 survivors (0K)
 Metaspace       used 32298K, committed 32640K, reserved 1081344K
  class space    used 4220K, committed 4352K, reserved 1048576K
}
Event: 3005.081 GC heap before
{Heap before GC invocations=291 (full 279):
 garbage-first heap   total 40960K, used 13045K [0x0000000700c00000, 0x0000000800000000)
  region size 2048K, 2 young (4096K), 0 survivors (0K)
 Metaspace       used 32298K, committed 32640K, reserved 1081344K
  class space    used 4220K, committed 4352K, reserved 1048576K
}
Event: 3005.094 GC heap after
{Heap after GC invocations=292 (full 280):
 garbage-first heap   total 40960K, used 13045K [0x0000000700c00000, 0x0000000800000000)
  region size 2048K, 0 young (0K), 0 survivors (0K)
 Metaspace       used 32298K, committed 32640K, reserved 1081344K
  class space    used 4220K, committed 4352K, reserved 1048576K
}
Event: 3015.250 GC heap before
{Heap before GC invocations=292 (full 280):
 garbage-first heap   total 40960K, used 13045K [0x0000000700c00000, 0x0000000800000000)
  region size 2048K, 2 young (4096K), 0 survivors (0K)
 Metaspace       used 32298K, committed 32640K, reserved 1081344K
  class space    used 4220K, committed 4352K, reserved 1048576K
}
Event: 3015.264 GC heap after
{Heap after GC invocations=293 (full 281):
 garbage-first heap   total 40960K, used 13045K [0x0000000700c00000, 0x0000000800000000)
  region size 2048K, 0 young (0K), 0 survivors (0K)
 Metaspace       used 32298K, committed 32640K, reserved 1081344K
  class space    used 4220K, committed 4352K, reserved 1048576K
}
Event: 3025.433 GC heap before
{Heap before GC invocations=293 (full 281):
 garbage-first heap   total 40960K, used 13045K [0x0000000700c00000, 0x0000000800000000)
  region size 2048K, 2 young (4096K), 0 survivors (0K)
 Metaspace       used 32298K, committed 32640K, reserved 1081344K
  class space    used 4220K, committed 4352K, reserved 1048576K
}
Event: 3025.447 GC heap after
{Heap after GC invocations=294 (full 282):
 garbage-first heap   total 40960K, used 13045K [0x0000000700c00000, 0x0000000800000000)
  region size 2048K, 0 young (0K), 0 survivors (0K)
 Metaspace       used 32298K, committed 32640K, reserved 1081344K
  class space    used 4220K, committed 4352K, reserved 1048576K
}
Event: 3035.606 GC heap before
{Heap before GC invocations=294 (full 282):
 garbage-first heap   total 40960K, used 13045K [0x0000000700c00000, 0x0000000800000000)
  region size 2048K, 2 young (4096K), 0 survivors (0K)
 Metaspace       used 32298K, committed 32640K, reserved 1081344K
  class space    used 4220K, committed 4352K, reserved 1048576K
}
Event: 3035.619 GC heap after
{Heap after GC invocations=295 (full 283):
 garbage-first heap   total 40960K, used 13045K [0x0000000700c00000, 0x0000000800000000)
  region size 2048K, 0 young (0K), 0 survivors (0K)
 Metaspace       used 32298K, committed 32640K, reserved 1081344K
  class space    used 4220K, committed 4352K, reserved 1048576K
}
Event: 3045.779 GC heap before
{Heap before GC invocations=295 (full 283):
 garbage-first heap   total 40960K, used 13045K [0x0000000700c00000, 0x0000000800000000)
  region size 2048K, 2 young (4096K), 0 survivors (0K)
 Metaspace       used 32298K, committed 32640K, reserved 1081344K
  class space    used 4220K, committed 4352K, reserved 1048576K
}
Event: 3045.795 GC heap after
{Heap after GC invocations=296 (full 284):
 garbage-first heap   total 40960K, used 13045K [0x0000000700c00000, 0x0000000800000000)
  region size 2048K, 0 young (0K), 0 survivors (0K)
 Metaspace       used 32298K, committed 32640K, reserved 1081344K
  class space    used 4220K, committed 4352K, reserved 1048576K
}
Event: 3055.950 GC heap before
{Heap before GC invocations=296 (full 284):
 garbage-first heap   total 40960K, used 13045K [0x0000000700c00000, 0x0000000800000000)
  region size 2048K, 2 young (4096K), 0 survivors (0K)
 Metaspace       used 32298K, committed 32640K, reserved 1081344K
  class space    used 4220K, committed 4352K, reserved 1048576K
}
Event: 3055.963 GC heap after
{Heap after GC invocations=297 (full 285):
 garbage-first heap   total 40960K, used 13045K [0x0000000700c00000, 0x0000000800000000)
  region size 2048K, 0 young (0K), 0 survivors (0K)
 Metaspace       used 32298K, committed 32640K, reserved 1081344K
  class space    used 4220K, committed 4352K, reserved 1048576K
}
Event: 3066.140 GC heap before
{Heap before GC invocations=297 (full 285):
 garbage-first heap   total 40960K, used 13045K [0x0000000700c00000, 0x0000000800000000)
  region size 2048K, 2 young (4096K), 0 survivors (0K)
 Metaspace       used 32298K, committed 32640K, reserved 1081344K
  class space    used 4220K, committed 4352K, reserved 1048576K
}
Event: 3066.154 GC heap after
{Heap after GC invocations=298 (full 286):
 garbage-first heap   total 40960K, used 13045K [0x0000000700c00000, 0x0000000800000000)
  region size 2048K, 0 young (0K), 0 survivors (0K)
 Metaspace       used 32298K, committed 32640K, reserved 1081344K
  class space    used 4220K, committed 4352K, reserved 1048576K
}
Event: 3076.534 GC heap before
{Heap before GC invocations=298 (full 286):
 garbage-first heap   total 40960K, used 15093K [0x0000000700c00000, 0x0000000800000000)
  region size 2048K, 3 young (6144K), 0 survivors (0K)
 Metaspace       used 32298K, committed 32640K, reserved 1081344K
  class space    used 4220K, committed 4352K, reserved 1048576K
}
Event: 3076.549 GC heap after
{Heap after GC invocations=299 (full 287):
 garbage-first heap   total 40960K, used 13046K [0x0000000700c00000, 0x0000000800000000)
  region size 2048K, 0 young (0K), 0 survivors (0K)
 Metaspace       used 32298K, committed 32640K, reserved 1081344K
  class space    used 4220K, committed 4352K, reserved 1048576K
}

