# JRE version: OpenJDK Runtime Environment Temurin-17.0.2+8 (17.0.2+8) (build 17.0.2+8)
# Java VM: OpenJDK 64-Bit Server VM Temurin-17.0.2+8 (17.0.2+8, mixed mode, tiered, compressed oops, compressed class ptrs, parallel gc, windows-amd64)
GC Precious Log:
 CPUs: 4 total, 4 available
 Memory: 16332M
 Large Page Support: Disabled
 NUMA Support: Disabled
 Compressed Oops: Enabled (32-bit)
 Alignments: Space 512K, Generation 512K, Heap 2M
 Heap Min Capacity: 100M
 Heap Initial Capacity: 100M
 Heap Max Capacity: 1G
 Pre-touch: Disabled
 Parallel Workers: 4
Heap:
 PSYoungGen      total 19456K, used 18076K [0x00000000eab00000, 0x00000000ebf80000, 0x0000000100000000)
  eden space 18944K, 94% used [0x00000000eab00000,0x00000000ebc871c8,0x00000000ebd80000)
  from space 512K, 25% used [0x00000000ebf00000,0x00000000ebf20000,0x00000000ebf80000)
  to   space 512K, 0% used [0x00000000ebe80000,0x00000000ebe80000,0x00000000ebf00000)
 ParOldGen       total 68608K, used 32763K [0x00000000c0000000, 0x00000000c4300000, 0x00000000eab00000)
  object space 68608K, 47% used [0x00000000c0000000,0x00000000c1ffeda0,0x00000000c4300000)
 Metaspace       used 49404K, committed 50304K, reserved 1097728K
  class space    used 5323K, committed 5696K, reserved 1048576K
GC Heap History (20 events):
Event: 9.004 GC heap before
{Heap before GC invocations=17 (full 2):
 PSYoungGen      total 21504K, used 21488K [0x00000000eab00000, 0x00000000ecb80000, 0x0000000100000000)
  eden space 18944K, 100% used [0x00000000eab00000,0x00000000ebd80000,0x00000000ebd80000)
  from space 2560K, 99% used [0x00000000ec300000,0x00000000ec57c198,0x00000000ec580000)
  to   space 5632K, 0% used [0x00000000ebd80000,0x00000000ebd80000,0x00000000ec300000)
 ParOldGen       total 68608K, used 23315K [0x00000000c0000000, 0x00000000c4300000, 0x00000000eab00000)
  object space 68608K, 33% used [0x00000000c0000000,0x00000000c16c4fa8,0x00000000c4300000)
 Metaspace       used 40215K, committed 40896K, reserved 1089536K
  class space    used 4267K, committed 4544K, reserved 1048576K
}
Event: 9.007 GC heap after
{Heap after GC invocations=17 (full 2):
 PSYoungGen      total 20992K, used 1884K [0x00000000eab00000, 0x00000000ec380000, 0x0000000100000000)
  eden space 18944K, 0% used [0x00000000eab00000,0x00000000eab00000,0x00000000ebd80000)
  from space 2048K, 92% used [0x00000000ebd80000,0x00000000ebf57230,0x00000000ebf80000)
  to   space 3072K, 0% used [0x00000000ec080000,0x00000000ec080000,0x00000000ec380000)
 ParOldGen       total 68608K, used 25770K [0x00000000c0000000, 0x00000000c4300000, 0x00000000eab00000)
  object space 68608K, 37% used [0x00000000c0000000,0x00000000c192a838,0x00000000c4300000)
 Metaspace       used 40215K, committed 40896K, reserved 1089536K
  class space    used 4267K, committed 4544K, reserved 1048576K
}
Event: 9.066 GC heap before
{Heap before GC invocations=18 (full 2):
 PSYoungGen      total 20992K, used 20828K [0x00000000eab00000, 0x00000000ec380000, 0x0000000100000000)
  eden space 18944K, 100% used [0x00000000eab00000,0x00000000ebd80000,0x00000000ebd80000)
  from space 2048K, 92% used [0x00000000ebd80000,0x00000000ebf57230,0x00000000ebf80000)
  to   space 3072K, 0% used [0x00000000ec080000,0x00000000ec080000,0x00000000ec380000)
 ParOldGen       total 68608K, used 25770K [0x00000000c0000000, 0x00000000c4300000, 0x00000000eab00000)
  object space 68608K, 37% used [0x00000000c0000000,0x00000000c192a838,0x00000000c4300000)
 Metaspace       used 40631K, committed 41344K, reserved 1089536K
  class space    used 4317K, committed 4608K, reserved 1048576K
}
Event: 9.069 GC heap after
{Heap after GC invocations=18 (full 2):
 PSYoungGen      total 21504K, used 2182K [0x00000000eab00000, 0x00000000ec300000, 0x0000000100000000)
  eden space 18944K, 0% used [0x00000000eab00000,0x00000000eab00000,0x00000000ebd80000)
  from space 2560K, 85% used [0x00000000ec080000,0x00000000ec2a1b48,0x00000000ec300000)
  to   space 2560K, 0% used [0x00000000ebe00000,0x00000000ebe00000,0x00000000ec080000)
 ParOldGen       total 68608K, used 27506K [0x00000000c0000000, 0x00000000c4300000, 0x00000000eab00000)
  object space 68608K, 40% used [0x00000000c0000000,0x00000000c1adc838,0x00000000c4300000)
 Metaspace       used 40631K, committed 41344K, reserved 1089536K
  class space    used 4317K, committed 4608K, reserved 1048576K
}
Event: 9.262 GC heap before
{Heap before GC invocations=19 (full 2):
 PSYoungGen      total 21504K, used 21126K [0x00000000eab00000, 0x00000000ec300000, 0x0000000100000000)
  eden space 18944K, 100% used [0x00000000eab00000,0x00000000ebd80000,0x00000000ebd80000)
  from space 2560K, 85% used [0x00000000ec080000,0x00000000ec2a1b48,0x00000000ec300000)
  to   space 2560K, 0% used [0x00000000ebe00000,0x00000000ebe00000,0x00000000ec080000)
 ParOldGen       total 68608K, used 27506K [0x00000000c0000000, 0x00000000c4300000, 0x00000000eab00000)
  object space 68608K, 40% used [0x00000000c0000000,0x00000000c1adc838,0x00000000c4300000)
 Metaspace       used 41829K, committed 42496K, reserved 1089536K
  class space    used 4457K, committed 4736K, reserved 1048576K
}
Event: 9.264 GC heap after
{Heap after GC invocations=19 (full 2):
 PSYoungGen      total 19456K, used 416K [0x00000000eab00000, 0x00000000ec100000, 0x0000000100000000)
  eden space 18944K, 0% used [0x00000000eab00000,0x00000000eab00000,0x00000000ebd80000)
  from space 512K, 81% used [0x00000000ebe00000,0x00000000ebe68000,0x00000000ebe80000)
  to   space 1536K, 0% used [0x00000000ebf80000,0x00000000ebf80000,0x00000000ec100000)
 ParOldGen       total 68608K, used 29590K [0x00000000c0000000, 0x00000000c4300000, 0x00000000eab00000)
  object space 68608K, 43% used [0x00000000c0000000,0x00000000c1ce5ba0,0x00000000c4300000)
 Metaspace       used 41829K, committed 42496K, reserved 1089536K
  class space    used 4457K, committed 4736K, reserved 1048576K
}
Event: 9.460 GC heap before
{Heap before GC invocations=20 (full 2):
 PSYoungGen      total 19456K, used 19360K [0x00000000eab00000, 0x00000000ec100000, 0x0000000100000000)
  eden space 18944K, 100% used [0x00000000eab00000,0x00000000ebd80000,0x00000000ebd80000)
  from space 512K, 81% used [0x00000000ebe00000,0x00000000ebe68000,0x00000000ebe80000)
  to   space 1536K, 0% used [0x00000000ebf80000,0x00000000ebf80000,0x00000000ec100000)
 ParOldGen       total 68608K, used 29590K [0x00000000c0000000, 0x00000000c4300000, 0x00000000eab00000)
  object space 68608K, 43% used [0x00000000c0000000,0x00000000c1ce5ba0,0x00000000c4300000)
 Metaspace       used 43653K, committed 44352K, reserved 1089536K
  class space    used 4687K, committed 4992K, reserved 1048576K
}
Event: 9.462 GC heap after
{Heap after GC invocations=20 (full 2):
 PSYoungGen      total 19968K, used 576K [0x00000000eab00000, 0x00000000ec080000, 0x0000000100000000)
  eden space 18944K, 0% used [0x00000000eab00000,0x00000000eab00000,0x00000000ebd80000)
  from space 1024K, 56% used [0x00000000ebf80000,0x00000000ec010000,0x00000000ec080000)
  to   space 1024K, 0% used [0x00000000ebe80000,0x00000000ebe80000,0x00000000ebf80000)
 ParOldGen       total 68608K, used 29918K [0x00000000c0000000, 0x00000000c4300000, 0x00000000eab00000)
  object space 68608K, 43% used [0x00000000c0000000,0x00000000c1d37ba0,0x00000000c4300000)
 Metaspace       used 43653K, committed 44352K, reserved 1089536K
  class space    used 4687K, committed 4992K, reserved 1048576K
}
Event: 9.637 GC heap before
{Heap before GC invocations=21 (full 2):
 PSYoungGen      total 19968K, used 19520K [0x00000000eab00000, 0x00000000ec080000, 0x0000000100000000)
  eden space 18944K, 100% used [0x00000000eab00000,0x00000000ebd80000,0x00000000ebd80000)
  from space 1024K, 56% used [0x00000000ebf80000,0x00000000ec010000,0x00000000ec080000)
  to   space 1024K, 0% used [0x00000000ebe80000,0x00000000ebe80000,0x00000000ebf80000)
 ParOldGen       total 68608K, used 29918K [0x00000000c0000000, 0x00000000c4300000, 0x00000000eab00000)
  object space 68608K, 43% used [0x00000000c0000000,0x00000000c1d37bd0,0x00000000c4300000)
 Metaspace       used 45016K, committed 45760K, reserved 1089536K
  class space    used 4896K, committed 5184K, reserved 1048576K
}
Event: 9.639 GC heap after
{Heap after GC invocations=21 (full 2):
 PSYoungGen      total 19968K, used 768K [0x00000000eab00000, 0x00000000ec000000, 0x0000000100000000)
  eden space 18944K, 0% used [0x00000000eab00000,0x00000000eab00000,0x00000000ebd80000)
  from space 1024K, 75% used [0x00000000ebe80000,0x00000000ebf40000,0x00000000ebf80000)
  to   space 512K, 0% used [0x00000000ebf80000,0x00000000ebf80000,0x00000000ec000000)
 ParOldGen       total 68608K, used 30462K [0x00000000c0000000, 0x00000000c4300000, 0x00000000eab00000)
  object space 68608K, 44% used [0x00000000c0000000,0x00000000c1dbfbd0,0x00000000c4300000)
 Metaspace       used 45016K, committed 45760K, reserved 1089536K
  class space    used 4896K, committed 5184K, reserved 1048576K
}
Event: 9.886 GC heap before
{Heap before GC invocations=22 (full 2):
 PSYoungGen      total 19968K, used 19712K [0x00000000eab00000, 0x00000000ec000000, 0x0000000100000000)
  eden space 18944K, 100% used [0x00000000eab00000,0x00000000ebd80000,0x00000000ebd80000)
  from space 1024K, 75% used [0x00000000ebe80000,0x00000000ebf40000,0x00000000ebf80000)
  to   space 512K, 0% used [0x00000000ebf80000,0x00000000ebf80000,0x00000000ec000000)
 ParOldGen       total 68608K, used 30467K [0x00000000c0000000, 0x00000000c4300000, 0x00000000eab00000)
  object space 68608K, 44% used [0x00000000c0000000,0x00000000c1dc0ca8,0x00000000c4300000)
 Metaspace       used 45975K, committed 46720K, reserved 1097728K
  class space    used 4983K, committed 5312K, reserved 1048576K
}
Event: 9.887 GC heap after
{Heap after GC invocations=22 (full 2):
 PSYoungGen      total 19456K, used 384K [0x00000000eab00000, 0x00000000ec000000, 0x0000000100000000)
  eden space 18944K, 0% used [0x00000000eab00000,0x00000000eab00000,0x00000000ebd80000)
  from space 512K, 75% used [0x00000000ebf80000,0x00000000ebfe0000,0x00000000ec000000)
  to   space 1024K, 0% used [0x00000000ebe00000,0x00000000ebe00000,0x00000000ebf00000)
 ParOldGen       total 68608K, used 31178K [0x00000000c0000000, 0x00000000c4300000, 0x00000000eab00000)
  object space 68608K, 45% used [0x00000000c0000000,0x00000000c1e729a8,0x00000000c4300000)
 Metaspace       used 45975K, committed 46720K, reserved 1097728K
  class space    used 4983K, committed 5312K, reserved 1048576K
}
Event: 10.150 GC heap before
{Heap before GC invocations=23 (full 2):
 PSYoungGen      total 19456K, used 19328K [0x00000000eab00000, 0x00000000ec000000, 0x0000000100000000)
  eden space 18944K, 100% used [0x00000000eab00000,0x00000000ebd80000,0x00000000ebd80000)
  from space 512K, 75% used [0x00000000ebf80000,0x00000000ebfe0000,0x00000000ec000000)
  to   space 1024K, 0% used [0x00000000ebe00000,0x00000000ebe00000,0x00000000ebf00000)
 ParOldGen       total 68608K, used 31178K [0x00000000c0000000, 0x00000000c4300000, 0x00000000eab00000)
  object space 68608K, 45% used [0x00000000c0000000,0x00000000c1e729a8,0x00000000c4300000)
 Metaspace       used 45988K, committed 46720K, reserved 1097728K
  class space    used 4983K, committed 5312K, reserved 1048576K
}
Event: 10.151 GC heap after
{Heap after GC invocations=23 (full 2):
 PSYoungGen      total 19968K, used 96K [0x00000000eab00000, 0x00000000ec000000, 0x0000000100000000)
  eden space 18944K, 0% used [0x00000000eab00000,0x00000000eab00000,0x00000000ebd80000)
  from space 1024K, 9% used [0x00000000ebe00000,0x00000000ebe18000,0x00000000ebf00000)
  to   space 512K, 0% used [0x00000000ebf80000,0x00000000ebf80000,0x00000000ec000000)
 ParOldGen       total 68608K, used 31530K [0x00000000c0000000, 0x00000000c4300000, 0x00000000eab00000)
  object space 68608K, 45% used [0x00000000c0000000,0x00000000c1eca9a8,0x00000000c4300000)
 Metaspace       used 45988K, committed 46720K, reserved 1097728K
  class space    used 4983K, committed 5312K, reserved 1048576K
}
Event: 10.442 GC heap before
{Heap before GC invocations=24 (full 2):
 PSYoungGen      total 19968K, used 19040K [0x00000000eab00000, 0x00000000ec000000, 0x0000000100000000)
  eden space 18944K, 100% used [0x00000000eab00000,0x00000000ebd80000,0x00000000ebd80000)
  from space 1024K, 9% used [0x00000000ebe00000,0x00000000ebe18000,0x00000000ebf00000)
  to   space 512K, 0% used [0x00000000ebf80000,0x00000000ebf80000,0x00000000ec000000)
 ParOldGen       total 68608K, used 31530K [0x00000000c0000000, 0x00000000c4300000, 0x00000000eab00000)
  object space 68608K, 45% used [0x00000000c0000000,0x00000000c1eca9a8,0x00000000c4300000)
 Metaspace       used 47992K, committed 48832K, reserved 1097728K
  class space    used 5178K, committed 5568K, reserved 1048576K
}
Event: 10.444 GC heap after
{Heap after GC invocations=24 (full 2):
 PSYoungGen      total 19456K, used 503K [0x00000000eab00000, 0x00000000ec000000, 0x0000000100000000)
  eden space 18944K, 0% used [0x00000000eab00000,0x00000000eab00000,0x00000000ebd80000)
  from space 512K, 98% used [0x00000000ebf80000,0x00000000ebffdf50,0x00000000ec000000)
  to   space 1024K, 0% used [0x00000000ebe00000,0x00000000ebe00000,0x00000000ebf00000)
 ParOldGen       total 68608K, used 31802K [0x00000000c0000000, 0x00000000c4300000, 0x00000000eab00000)
  object space 68608K, 46% used [0x00000000c0000000,0x00000000c1f0e9d8,0x00000000c4300000)
 Metaspace       used 47992K, committed 48832K, reserved 1097728K
  class space    used 5178K, committed 5568K, reserved 1048576K
}
Event: 1802.068 GC heap before
{Heap before GC invocations=25 (full 2):
 PSYoungGen      total 19456K, used 19447K [0x00000000eab00000, 0x00000000ec000000, 0x0000000100000000)
  eden space 18944K, 100% used [0x00000000eab00000,0x00000000ebd80000,0x00000000ebd80000)
  from space 512K, 98% used [0x00000000ebf80000,0x00000000ebffdf50,0x00000000ec000000)
  to   space 1024K, 0% used [0x00000000ebe00000,0x00000000ebe00000,0x00000000ebf00000)
 ParOldGen       total 68608K, used 31802K [0x00000000c0000000, 0x00000000c4300000, 0x00000000eab00000)
  object space 68608K, 46% used [0x00000000c0000000,0x00000000c1f0e9d8,0x00000000c4300000)
 Metaspace       used 49213K, committed 50048K, reserved 1097728K
  class space    used 5319K, committed 5696K, reserved 1048576K
}
Event: 1802.150 GC heap after
{Heap after GC invocations=25 (full 2):
 PSYoungGen      total 19968K, used 518K [0x00000000eab00000, 0x00000000ec000000, 0x0000000100000000)
  eden space 18944K, 0% used [0x00000000eab00000,0x00000000eab00000,0x00000000ebd80000)
  from space 1024K, 50% used [0x00000000ebe00000,0x00000000ebe81bb0,0x00000000ebf00000)
  to   space 1024K, 0% used [0x00000000ebf00000,0x00000000ebf00000,0x00000000ec000000)
 ParOldGen       total 68608K, used 32317K [0x00000000c0000000, 0x00000000c4300000, 0x00000000eab00000)
  object space 68608K, 47% used [0x00000000c0000000,0x00000000c1f8f400,0x00000000c4300000)
 Metaspace       used 49213K, committed 50048K, reserved 1097728K
  class space    used 5319K, committed 5696K, reserved 1048576K
}
Event: 2151.524 GC heap before
{Heap before GC invocations=26 (full 2):
 PSYoungGen      total 19968K, used 19462K [0x00000000eab00000, 0x00000000ec000000, 0x0000000100000000)
  eden space 18944K, 100% used [0x00000000eab00000,0x00000000ebd80000,0x00000000ebd80000)
  from space 1024K, 50% used [0x00000000ebe00000,0x00000000ebe81bb0,0x00000000ebf00000)
  to   space 1024K, 0% used [0x00000000ebf00000,0x00000000ebf00000,0x00000000ec000000)
 ParOldGen       total 68608K, used 32317K [0x00000000c0000000, 0x00000000c4300000, 0x00000000eab00000)
  object space 68608K, 47% used [0x00000000c0000000,0x00000000c1f8f400,0x00000000c4300000)
 Metaspace       used 49336K, committed 50176K, reserved 1097728K
  class space    used 5319K, committed 5696K, reserved 1048576K
}
Event: 2151.527 GC heap after
{Heap after GC invocations=26 (full 2):
 PSYoungGen      total 19456K, used 128K [0x00000000eab00000, 0x00000000ebf80000, 0x0000000100000000)
  eden space 18944K, 0% used [0x00000000eab00000,0x00000000eab00000,0x00000000ebd80000)
  from space 512K, 25% used [0x00000000ebf00000,0x00000000ebf20000,0x00000000ebf80000)
  to   space 512K, 0% used [0x00000000ebe80000,0x00000000ebe80000,0x00000000ebf00000)
 ParOldGen       total 68608K, used 32763K [0x00000000c0000000, 0x00000000c4300000, 0x00000000eab00000)
  object space 68608K, 47% used [0x00000000c0000000,0x00000000c1ffeda0,0x00000000c4300000)
 Metaspace       used 49336K, committed 50176K, reserved 1097728K
  class space    used 5319K, committed 5696K, reserved 1048576K
}

